c:\users\angel\documents\coding\age_calculator\out\build\visual studio community 2022 release - amd64\agecalculator.dir\debug\vc143.pdb
c:\users\angel\documents\coding\age_calculator\out\build\visual studio community 2022 release - amd64\agecalculator.dir\debug\button.obj
c:\users\angel\documents\coding\age_calculator\out\build\visual studio community 2022 release - amd64\agecalculator.dir\debug\calculateage.obj
c:\users\angel\documents\coding\age_calculator\out\build\visual studio community 2022 release - amd64\agecalculator.dir\debug\menu.obj
c:\users\angel\documents\coding\age_calculator\out\build\visual studio community 2022 release - amd64\agecalculator.dir\debug\app.obj
c:\users\angel\documents\coding\age_calculator\out\build\visual studio community 2022 release - amd64\agecalculator.dir\debug\main.obj
c:\users\angel\documents\coding\age_calculator\out\build\visual studio community 2022 release - amd64\cmakefiles\generate.stamp
c:\users\angel\documents\coding\age_calculator\out\build\visual studio community 2022 release - amd64\debug\agecalculator.exe
c:\users\angel\documents\coding\age_calculator\out\build\visual studio community 2022 release - amd64\debug\agecalculator.pdb
c:\users\angel\documents\coding\age_calculator\out\build\visual studio community 2022 release - amd64\agecalculator.dir\debug\agecalculator.ilk
c:\users\angel\documents\coding\age_calculator\out\build\visual studio community 2022 release - amd64\agecalculator.dir\debug\agecalculator.tlog\cl.command.1.tlog
c:\users\angel\documents\coding\age_calculator\out\build\visual studio community 2022 release - amd64\agecalculator.dir\debug\agecalculator.tlog\cl.items.tlog
c:\users\angel\documents\coding\age_calculator\out\build\visual studio community 2022 release - amd64\agecalculator.dir\debug\agecalculator.tlog\cl.read.1.tlog
c:\users\angel\documents\coding\age_calculator\out\build\visual studio community 2022 release - amd64\agecalculator.dir\debug\agecalculator.tlog\cl.write.1.tlog
c:\users\angel\documents\coding\age_calculator\out\build\visual studio community 2022 release - amd64\agecalculator.dir\debug\agecalculator.tlog\custombuild.command.1.tlog
c:\users\angel\documents\coding\age_calculator\out\build\visual studio community 2022 release - amd64\agecalculator.dir\debug\agecalculator.tlog\custombuild.read.1.tlog
c:\users\angel\documents\coding\age_calculator\out\build\visual studio community 2022 release - amd64\agecalculator.dir\debug\agecalculator.tlog\custombuild.write.1.tlog
c:\users\angel\documents\coding\age_calculator\out\build\visual studio community 2022 release - amd64\agecalculator.dir\debug\agecalculator.tlog\link.command.1.tlog
c:\users\angel\documents\coding\age_calculator\out\build\visual studio community 2022 release - amd64\agecalculator.dir\debug\agecalculator.tlog\link.read.1.tlog
c:\users\angel\documents\coding\age_calculator\out\build\visual studio community 2022 release - amd64\agecalculator.dir\debug\agecalculator.tlog\link.secondary.1.tlog
c:\users\angel\documents\coding\age_calculator\out\build\visual studio community 2022 release - amd64\agecalculator.dir\debug\agecalculator.tlog\link.write.1.tlog
